<?xml version="1.0" encoding="UTF-8"?>
<testng-results ignored="0" total="4" passed="2" failed="1" skipped="1">
  <reporter-output>
  </reporter-output>
  <suite started-at="2022-05-25T23:52:34 IST" name="Default suite" finished-at="2022-05-25T23:52:45 IST" duration-ms="10932">
    <groups>
      <group name="firefox">
        <method signature="GroupTest.loginwithFirefox()[pri:0, instance:Phase_5_Session_3.simplilearn.GroupTest@306e95ec]" name="loginwithFirefox" class="Phase_5_Session_3.simplilearn.GroupTest"/>
      </group> <!-- firefox -->
    </groups>
    <test started-at="2022-05-25T23:52:34 IST" name="Default test" finished-at="2022-05-25T23:52:45 IST" duration-ms="10932">
      <class name="Phase_5_Session_3.simplilearn.GroupTest">
        <test-method signature="launchChrome()[pri:0, instance:Phase_5_Session_3.simplilearn.GroupTest@306e95ec]" started-at="2022-05-25T23:52:34 IST" name="launchChrome" finished-at="2022-05-25T23:52:40 IST" duration-ms="6505" status="PASS">
          <reporter-output>
          </reporter-output>
        </test-method> <!-- launchChrome -->
        <test-method signature="launchFirefox()[pri:0, instance:Phase_5_Session_3.simplilearn.GroupTest@306e95ec]" started-at="2022-05-25T23:52:40 IST" name="launchFirefox" finished-at="2022-05-25T23:52:40 IST" duration-ms="8" status="FAIL">
          <exception class="java.lang.IllegalStateException">
            <message>
              <![CDATA[The driver executable must exist: C:\Users\jyoti\eclipse-workspace\simplilearn\firefox_driver_path]]>
            </message>
            <full-stacktrace>
              <![CDATA[java.lang.IllegalStateException: The driver executable must exist: C:\Users\jyoti\eclipse-workspace\simplilearn\firefox_driver_path
at org.openqa.selenium.internal.Require$FileStateChecker.isFile(Require.java:342)
at org.openqa.selenium.remote.service.DriverService.checkExecutable(DriverService.java:147)
at org.openqa.selenium.remote.service.DriverService.findExecutable(DriverService.java:142)
at org.openqa.selenium.firefox.GeckoDriverService.access$100(GeckoDriverService.java:45)
at org.openqa.selenium.firefox.GeckoDriverService$Builder.findDefaultExecutable(GeckoDriverService.java:181)
at org.openqa.selenium.remote.service.DriverService$Builder.build(DriverService.java:437)
at org.openqa.selenium.firefox.GeckoDriverService.createDefaultService(GeckoDriverService.java:94)
at org.openqa.selenium.firefox.FirefoxDriver.<init>(FirefoxDriver.java:106)
at org.openqa.selenium.firefox.FirefoxDriver.<init>(FirefoxDriver.java:86)
at Phase_5_Session_3.simplilearn.GroupTest.launchFirefox(GroupTest.java:43)
at java.base/jdk.internal.reflect.NativeMethodAccessorImpl.invoke0(Native Method)
at java.base/jdk.internal.reflect.NativeMethodAccessorImpl.invoke(NativeMethodAccessorImpl.java:77)
at java.base/jdk.internal.reflect.DelegatingMethodAccessorImpl.invoke(DelegatingMethodAccessorImpl.java:43)
at java.base/java.lang.reflect.Method.invoke(Method.java:568)
at org.testng.internal.invokers.MethodInvocationHelper.invokeMethod(MethodInvocationHelper.java:135)
at org.testng.internal.invokers.TestInvoker.invokeMethod(TestInvoker.java:673)
at org.testng.internal.invokers.TestInvoker.invokeTestMethod(TestInvoker.java:220)
at org.testng.internal.invokers.MethodRunner.runInSequence(MethodRunner.java:50)
at org.testng.internal.invokers.TestInvoker$MethodInvocationAgent.invoke(TestInvoker.java:945)
at org.testng.internal.invokers.TestInvoker.invokeTestMethods(TestInvoker.java:193)
at org.testng.internal.invokers.TestMethodWorker.invokeTestMethods(TestMethodWorker.java:146)
at org.testng.internal.invokers.TestMethodWorker.run(TestMethodWorker.java:128)
at java.base/java.util.ArrayList.forEach(ArrayList.java:1511)
at org.testng.TestRunner.privateRun(TestRunner.java:808)
at org.testng.TestRunner.run(TestRunner.java:603)
at org.testng.SuiteRunner.runTest(SuiteRunner.java:429)
at org.testng.SuiteRunner.runSequentially(SuiteRunner.java:423)
at org.testng.SuiteRunner.privateRun(SuiteRunner.java:383)
at org.testng.SuiteRunner.run(SuiteRunner.java:326)
at org.testng.SuiteRunnerWorker.runSuite(SuiteRunnerWorker.java:52)
at org.testng.SuiteRunnerWorker.run(SuiteRunnerWorker.java:95)
at org.testng.TestNG.runSuitesSequentially(TestNG.java:1249)
at org.testng.TestNG.runSuitesLocally(TestNG.java:1169)
at org.testng.TestNG.runSuites(TestNG.java:1092)
at org.testng.TestNG.run(TestNG.java:1060)
at org.testng.remote.AbstractRemoteTestNG.run(AbstractRemoteTestNG.java:115)
at org.testng.remote.RemoteTestNG.initAndRun(RemoteTestNG.java:251)
at org.testng.remote.RemoteTestNG.main(RemoteTestNG.java:77)
]]>
            </full-stacktrace>
          </exception> <!-- java.lang.IllegalStateException -->
          <reporter-output>
          </reporter-output>
        </test-method> <!-- launchFirefox -->
        <test-method signature="loginwithChrome()[pri:0, instance:Phase_5_Session_3.simplilearn.GroupTest@306e95ec]" started-at="2022-05-25T23:52:40 IST" name="loginwithChrome" finished-at="2022-05-25T23:52:45 IST" duration-ms="4366" status="PASS">
          <reporter-output>
          </reporter-output>
        </test-method> <!-- loginwithChrome -->
        <test-method signature="loginwithFirefox()[pri:0, instance:Phase_5_Session_3.simplilearn.GroupTest@306e95ec]" started-at="2022-05-25T23:52:45 IST" name="loginwithFirefox" finished-at="2022-05-25T23:52:45 IST" depends-on-methods="Phase_5_Session_3.simplilearn.GroupTest.launchFirefox" duration-ms="0" status="SKIP">
          <exception class="java.lang.Throwable">
            <message>
              <![CDATA[Method Phase_5_Session_3.simplilearn.GroupTest.loginwithFirefox() on instance Phase_5_Session_3.simplilearn.GroupTest@306e95ec depends on not successfully finished methods 
[Phase_5_Session_3.simplilearn.GroupTest.launchFirefox() on instance Phase_5_Session_3.simplilearn.GroupTest@306e95ec]]]>
            </message>
            <full-stacktrace>
              <![CDATA[java.lang.Throwable: Method Phase_5_Session_3.simplilearn.GroupTest.loginwithFirefox() on instance Phase_5_Session_3.simplilearn.GroupTest@306e95ec depends on not successfully finished methods 
[Phase_5_Session_3.simplilearn.GroupTest.launchFirefox() on instance Phase_5_Session_3.simplilearn.GroupTest@306e95ec]
at org.testng.internal.invokers.TestInvoker.invokeTestMethods(TestInvoker.java:149)
at org.testng.internal.invokers.TestMethodWorker.invokeTestMethods(TestMethodWorker.java:146)
at org.testng.internal.invokers.TestMethodWorker.run(TestMethodWorker.java:128)
at java.base/java.util.ArrayList.forEach(ArrayList.java:1511)
at org.testng.TestRunner.privateRun(TestRunner.java:808)
at org.testng.TestRunner.run(TestRunner.java:603)
at org.testng.SuiteRunner.runTest(SuiteRunner.java:429)
at org.testng.SuiteRunner.runSequentially(SuiteRunner.java:423)
at org.testng.SuiteRunner.privateRun(SuiteRunner.java:383)
at org.testng.SuiteRunner.run(SuiteRunner.java:326)
at org.testng.SuiteRunnerWorker.runSuite(SuiteRunnerWorker.java:52)
at org.testng.SuiteRunnerWorker.run(SuiteRunnerWorker.java:95)
at org.testng.TestNG.runSuitesSequentially(TestNG.java:1249)
at org.testng.TestNG.runSuitesLocally(TestNG.java:1169)
at org.testng.TestNG.runSuites(TestNG.java:1092)
at org.testng.TestNG.run(TestNG.java:1060)
at org.testng.remote.AbstractRemoteTestNG.run(AbstractRemoteTestNG.java:115)
at org.testng.remote.RemoteTestNG.initAndRun(RemoteTestNG.java:251)
at org.testng.remote.RemoteTestNG.main(RemoteTestNG.java:77)
]]>
            </full-stacktrace>
          </exception> <!-- java.lang.Throwable -->
          <reporter-output>
          </reporter-output>
        </test-method> <!-- loginwithFirefox -->
      </class> <!-- Phase_5_Session_3.simplilearn.GroupTest -->
    </test> <!-- Default test -->
  </suite> <!-- Default suite -->
</testng-results>
